<?xml version="1.0" encoding="UTF-8"?>
<!-- Generated by org.testng.reporters.JUnitXMLReporter -->
<testsuite ignored="0" hostname="Muthu_Raj" failures="4" tests="43" name="ChromeTest" time="932.031" errors="0" timestamp="2025-05-04T18:54:34 IST">
  <testcase classname="tests.TC001_LoginButtonVisibility" name="testSignupButtonIsVisible" time="0.107"/>
  <testcase classname="tests.TC002_LoginButtonClickability" name="testSignupButtonIsVisible" time="0.042"/>
  <testcase classname="tests.TC003_InvalidLogin" name="testLogin" time="0.344"/>
  <testcase classname="tests.TC003_InvalidLogin" name="testLogin" time="0.351"/>
  <testcase classname="tests.TC003_InvalidLogin" name="testLogin" time="0.722"/>
  <testcase classname="tests.TC003_InvalidLogin" name="testLogin" time="0.855"/>
  <testcase classname="tests.TC004_ValidLogin" name="testSignupButtonIsVisible" time="1.07"/>
  <testcase classname="tests.TC005_SearchHotelValidations" name="testHotelSearch" time="1.98"/>
  <testcase classname="tests.TC005_SearchHotelValidations" name="testHotelSearch" time="1.53"/>
  <testcase classname="tests.TC005_SearchHotelValidations" name="testHotelSearch" time="1.492"/>
  <testcase classname="tests.TC005_SearchHotelValidations" name="testHotelSearch" time="2.312"/>
  <testcase classname="tests.TC005_SearchHotelValidations" name="testHotelSearch" time="1.235"/>
  <testcase classname="tests.TC005_SearchHotelValidations" name="testHotelSearch" time="1.074"/>
  <testcase classname="tests.TC005_SearchHotelValidations" name="testHotelSearch" time="1.483">
    <failure type="java.lang.AssertionError" message="TC005(Fail) - Expected date format error. expected [true] but found [false]">
      <![CDATA[java.lang.AssertionError: TC005(Fail) - Expected date format error. expected [true] but found [false]
at tests.TC005_SearchHotelValidations.testHotelSearch(TC005_SearchHotelValidations.java:105)
at java.base/java.util.ArrayList.forEach(ArrayList.java:1596)
... Removed 28 stack frames]]>
    </failure>
  </testcase> <!-- testHotelSearch -->
  <testcase classname="tests.TC005_SearchHotelValidations" name="testHotelSearch" time="1.12"/>
  <testcase classname="tests.TC006_SelectHotelButtons" name="testRadioButtonAndButtonsDisplayed" time="0.092"/>
  <testcase classname="tests.TC007_SelectHotelContinueButton" name="testContinueAfterSelectingHotel" time="1.102"/>
  <testcase classname="tests.TC008_SelectHotelCancelButton" name="testCancelButtonFunctionality" time="0.389"/>
  <testcase classname="tests.TC009_InputDataValidation" name="validateSelectedHotelDetails" time="0.744"/>
  <testcase classname="tests.TC010_ValidateBookingDetails" name="testContinueAfterSelectingHotel" time="1.142"/>
  <testcase classname="tests.TC011_ValidatePopulatedDetails" name="testPriceFieldsArePopulatedAndVisible" time="0.333"/>
  <testcase classname="tests.TC012_BookWithEmptyField" name="validateEmptyBookingFields" time="61.331"/>
  <testcase classname="tests.TC012_BookWithEmptyField" name="validateEmptyBookingFields" time="61.593"/>
  <testcase classname="tests.TC012_BookWithEmptyField" name="validateEmptyBookingFields" time="61.618"/>
  <testcase classname="tests.TC012_BookWithEmptyField" name="validateEmptyBookingFields" time="61.578"/>
  <testcase classname="tests.TC012_BookWithEmptyField" name="validateEmptyBookingFields" time="1.634"/>
  <testcase classname="tests.TC012_BookWithEmptyField" name="validateEmptyBookingFields" time="21.677"/>
  <testcase classname="tests.TC012_BookWithEmptyField" name="validateEmptyBookingFields" time="21.65"/>
  <testcase classname="tests.TC012_BookWithEmptyField" name="validateEmptyBookingFields" time="1.688"/>
  <testcase classname="tests.TC012_BookWithEmptyField" name="validateEmptyBookingFields" time="21.683">
    <failure type="java.lang.AssertionError" message="The following asserts failed:
	expected [] but found [Please Select your Credit Card Expiry Year]">
      <![CDATA[java.lang.AssertionError: The following asserts failed:
expected [] but found [Please Select your Credit Card Expiry Year]
at tests.TC012_BookWithEmptyField.validateEmptyBookingFields(TC012_BookWithEmptyField.java:120)
at java.base/java.util.ArrayList.forEach(ArrayList.java:1596)
... Removed 27 stack frames]]>
    </failure>
  </testcase> <!-- validateEmptyBookingFields -->
  <testcase classname="tests.TC012_BookWithEmptyField" name="validateEmptyBookingFields" time="1.807"/>
  <testcase classname="tests.TC013_BookHotel" name="testBookingWithMandatoryFields" time="7.616"/>
  <testcase classname="tests.TC014_ValidateBookingConfirmationDetails" name="validateBookingConfirmationDetails" time="5.847">
    <failure type="java.lang.AssertionError" message="The following asserts failed:
	TC014(Fail) - Room Type mismatch expected [Standard] but found [Deluxe],
	TC014(Fail) - Arrival Date mismatch expected [24/04/2025] but found [25/04/2025],
	TC014(Fail) - Departure Date mismatch expected [25/04/2025] but found [26/04/2025],
	TC014(Fail) - Price Per Night mismatch expected [AUD $ 175] but found [AUD $ 125],
	TC014(Fail) - Total Price mismatch expected [AUD $ 185] but found [AUD $ 135],
	TC014(Fail) - GST mismatch expected [AUD $ 18.5] but found [AUD $ 13.5],
	TC014(Fail) - Final Billed Price mismatch expected [AUD $ 203.5] but found [AUD $ 148.5],
	TC014(Fail) - Last Name mismatch expected [Raj] but found [],
	TC014(Fail) - Billing Address mismatch expected [Chennai] but found [null]">
      <![CDATA[java.lang.AssertionError: The following asserts failed:
TC014(Fail) - Room Type mismatch expected [Standard] but found [Deluxe],
TC014(Fail) - Arrival Date mismatch expected [24/04/2025] but found [25/04/2025],
TC014(Fail) - Departure Date mismatch expected [25/04/2025] but found [26/04/2025],
TC014(Fail) - Price Per Night mismatch expected [AUD $ 175] but found [AUD $ 125],
TC014(Fail) - Total Price mismatch expected [AUD $ 185] but found [AUD $ 135],
TC014(Fail) - GST mismatch expected [AUD $ 18.5] but found [AUD $ 13.5],
TC014(Fail) - Final Billed Price mismatch expected [AUD $ 203.5] but found [AUD $ 148.5],
TC014(Fail) - Last Name mismatch expected [Raj] but found [],
TC014(Fail) - Billing Address mismatch expected [Chennai] but found [null]
at tests.TC014_ValidateBookingConfirmationDetails.validateBookingConfirmationDetails(TC014_ValidateBookingConfirmationDetails.java:118)
at java.base/java.util.ArrayList.forEach(ArrayList.java:1596)
... Removed 27 stack frames]]>
    </failure>
  </testcase> <!-- validateBookingConfirmationDetails -->
  <testcase classname="tests.TC015_SearchHotelButtonNavigation" name="testSearchHotelButton" time="0.006">
    <failure type="java.lang.AssertionError" message="TC015(Fail) - User didn&amp;apos;t navigate to Hotel Search Page expected [true] but found [false]">
      <![CDATA[java.lang.AssertionError: TC015(Fail) - User didn't navigate to Hotel Search Page expected [true] but found [false]
at tests.TC015_SearchHotelButtonNavigation.testSearchHotelButton(TC015_SearchHotelButtonNavigation.java:60)
at java.base/java.util.ArrayList.forEach(ArrayList.java:1596)
... Removed 28 stack frames]]>
    </failure>
  </testcase> <!-- testSearchHotelButton -->
  <testcase classname="tests.TC016_MyItineraryButton" name="testMyItineraryButton" time="16.116"/>
  <testcase classname="tests.TC017_LogoutButtonFunctionality" name="testLogoutButton" time="6.441"/>
  <testcase classname="tests.TC018_VerifyAllBookingsVisible" name="verifyBookingRecordsDisplayed" time="0.027"/>
  <testcase classname="tests.TC019_CancelButtonInBooking" name="verifyCancelButtonsPresent" time="0.42"/>
  <testcase classname="tests.TC020_VerifyBookingCancellation" name="verifyBookingCancellation" time="36.922"/>
  <testcase classname="tests.TC021_SearchFunctionality" name="verifySearchFunctionality" time="29.804"/>
  <testcase classname="tests.TC022_CancelSelectedButton" name="testCancelSelectedButtonVisibility" time="0.033"/>
  <testcase classname="tests.TC023_CancelBookingUsingCancelSelectedButton" name="testCancelSelectedButtonVisibility" time="55.032"/>
  <testcase classname="tests.TC024_CancelMultipleBooking" name="testCancelSelectedButtonVisibility" time="55.689"/>
</testsuite> <!-- ChromeTest -->
