<?xml version="1.0" encoding="UTF-8"?>
<!-- Generated by org.testng.reporters.JUnitXMLReporter -->
<testsuite ignored="0" hostname="Muthu_Raj" failures="4" tests="43" name="EdgeTest" time="1050.123" errors="0" timestamp="2025-05-04T19:12:04 IST">
  <testcase classname="tests.TC001_LoginButtonVisibility" name="testSignupButtonIsVisible" time="0.066"/>
  <testcase classname="tests.TC002_LoginButtonClickability" name="testSignupButtonIsVisible" time="0.049"/>
  <testcase classname="tests.TC003_InvalidLogin" name="testLogin" time="0.392"/>
  <testcase classname="tests.TC003_InvalidLogin" name="testLogin" time="0.365"/>
  <testcase classname="tests.TC003_InvalidLogin" name="testLogin" time="0.915"/>
  <testcase classname="tests.TC003_InvalidLogin" name="testLogin" time="0.979"/>
  <testcase classname="tests.TC004_ValidLogin" name="testSignupButtonIsVisible" time="1.068"/>
  <testcase classname="tests.TC005_SearchHotelValidations" name="testHotelSearch" time="2.055"/>
  <testcase classname="tests.TC005_SearchHotelValidations" name="testHotelSearch" time="1.566"/>
  <testcase classname="tests.TC005_SearchHotelValidations" name="testHotelSearch" time="1.622"/>
  <testcase classname="tests.TC005_SearchHotelValidations" name="testHotelSearch" time="1.467"/>
  <testcase classname="tests.TC005_SearchHotelValidations" name="testHotelSearch" time="1.459"/>
  <testcase classname="tests.TC005_SearchHotelValidations" name="testHotelSearch" time="1.225"/>
  <testcase classname="tests.TC005_SearchHotelValidations" name="testHotelSearch" time="1.957">
    <failure type="java.lang.AssertionError" message="TC005(Fail) - Expected date format error. expected [true] but found [false]">
      <![CDATA[java.lang.AssertionError: TC005(Fail) - Expected date format error. expected [true] but found [false]
at tests.TC005_SearchHotelValidations.testHotelSearch(TC005_SearchHotelValidations.java:105)
at java.base/java.util.ArrayList.forEach(ArrayList.java:1596)
... Removed 28 stack frames]]>
    </failure>
  </testcase> <!-- testHotelSearch -->
  <testcase classname="tests.TC005_SearchHotelValidations" name="testHotelSearch" time="1.6"/>
  <testcase classname="tests.TC006_SelectHotelButtons" name="testRadioButtonAndButtonsDisplayed" time="0.101"/>
  <testcase classname="tests.TC007_SelectHotelContinueButton" name="testContinueAfterSelectingHotel" time="0.704"/>
  <testcase classname="tests.TC008_SelectHotelCancelButton" name="testCancelButtonFunctionality" time="0.441"/>
  <testcase classname="tests.TC009_InputDataValidation" name="validateSelectedHotelDetails" time="0.514"/>
  <testcase classname="tests.TC010_ValidateBookingDetails" name="testContinueAfterSelectingHotel" time="1.058"/>
  <testcase classname="tests.TC011_ValidatePopulatedDetails" name="testPriceFieldsArePopulatedAndVisible" time="0.113"/>
  <testcase classname="tests.TC012_BookWithEmptyField" name="validateEmptyBookingFields" time="61.395"/>
  <testcase classname="tests.TC012_BookWithEmptyField" name="validateEmptyBookingFields" time="62.08"/>
  <testcase classname="tests.TC012_BookWithEmptyField" name="validateEmptyBookingFields" time="61.501"/>
  <testcase classname="tests.TC012_BookWithEmptyField" name="validateEmptyBookingFields" time="61.596"/>
  <testcase classname="tests.TC012_BookWithEmptyField" name="validateEmptyBookingFields" time="1.838"/>
  <testcase classname="tests.TC012_BookWithEmptyField" name="validateEmptyBookingFields" time="22.745"/>
  <testcase classname="tests.TC012_BookWithEmptyField" name="validateEmptyBookingFields" time="21.645"/>
  <testcase classname="tests.TC012_BookWithEmptyField" name="validateEmptyBookingFields" time="1.552"/>
  <testcase classname="tests.TC012_BookWithEmptyField" name="validateEmptyBookingFields" time="22.11">
    <failure type="java.lang.AssertionError" message="The following asserts failed:
	expected [] but found [Please Select your Credit Card Expiry Year]">
      <![CDATA[java.lang.AssertionError: The following asserts failed:
expected [] but found [Please Select your Credit Card Expiry Year]
at tests.TC012_BookWithEmptyField.validateEmptyBookingFields(TC012_BookWithEmptyField.java:120)
at java.base/java.util.ArrayList.forEach(ArrayList.java:1596)
... Removed 27 stack frames]]>
    </failure>
  </testcase> <!-- validateEmptyBookingFields -->
  <testcase classname="tests.TC012_BookWithEmptyField" name="validateEmptyBookingFields" time="1.794"/>
  <testcase classname="tests.TC013_BookHotel" name="testBookingWithMandatoryFields" time="7.446"/>
  <testcase classname="tests.TC014_ValidateBookingConfirmationDetails" name="validateBookingConfirmationDetails" time="5.989">
    <failure type="java.lang.AssertionError" message="The following asserts failed:
	TC014(Fail) - Room Type mismatch expected [Standard] but found [Deluxe],
	TC014(Fail) - Arrival Date mismatch expected [24/04/2025] but found [25/04/2025],
	TC014(Fail) - Departure Date mismatch expected [25/04/2025] but found [26/04/2025],
	TC014(Fail) - Price Per Night mismatch expected [AUD $ 175] but found [AUD $ 125],
	TC014(Fail) - Total Price mismatch expected [AUD $ 185] but found [AUD $ 135],
	TC014(Fail) - GST mismatch expected [AUD $ 18.5] but found [AUD $ 13.5],
	TC014(Fail) - Final Billed Price mismatch expected [AUD $ 203.5] but found [AUD $ 148.5],
	TC014(Fail) - Last Name mismatch expected [Raj] but found [],
	TC014(Fail) - Billing Address mismatch expected [Chennai] but found [null]">
      <![CDATA[java.lang.AssertionError: The following asserts failed:
TC014(Fail) - Room Type mismatch expected [Standard] but found [Deluxe],
TC014(Fail) - Arrival Date mismatch expected [24/04/2025] but found [25/04/2025],
TC014(Fail) - Departure Date mismatch expected [25/04/2025] but found [26/04/2025],
TC014(Fail) - Price Per Night mismatch expected [AUD $ 175] but found [AUD $ 125],
TC014(Fail) - Total Price mismatch expected [AUD $ 185] but found [AUD $ 135],
TC014(Fail) - GST mismatch expected [AUD $ 18.5] but found [AUD $ 13.5],
TC014(Fail) - Final Billed Price mismatch expected [AUD $ 203.5] but found [AUD $ 148.5],
TC014(Fail) - Last Name mismatch expected [Raj] but found [],
TC014(Fail) - Billing Address mismatch expected [Chennai] but found [null]
at tests.TC014_ValidateBookingConfirmationDetails.validateBookingConfirmationDetails(TC014_ValidateBookingConfirmationDetails.java:118)
at java.base/java.util.ArrayList.forEach(ArrayList.java:1596)
... Removed 27 stack frames]]>
    </failure>
  </testcase> <!-- validateBookingConfirmationDetails -->
  <testcase classname="tests.TC015_SearchHotelButtonNavigation" name="testSearchHotelButton" time="0.006">
    <failure type="java.lang.AssertionError" message="TC015(Fail) - User didn&amp;apos;t navigate to Hotel Search Page expected [true] but found [false]">
      <![CDATA[java.lang.AssertionError: TC015(Fail) - User didn't navigate to Hotel Search Page expected [true] but found [false]
at tests.TC015_SearchHotelButtonNavigation.testSearchHotelButton(TC015_SearchHotelButtonNavigation.java:60)
at java.base/java.util.ArrayList.forEach(ArrayList.java:1596)
... Removed 28 stack frames]]>
    </failure>
  </testcase> <!-- testSearchHotelButton -->
  <testcase classname="tests.TC016_MyItineraryButton" name="testMyItineraryButton" time="19.309"/>
  <testcase classname="tests.TC017_LogoutButtonFunctionality" name="testLogoutButton" time="6.049"/>
  <testcase classname="tests.TC018_VerifyAllBookingsVisible" name="verifyBookingRecordsDisplayed" time="0.032"/>
  <testcase classname="tests.TC019_CancelButtonInBooking" name="verifyCancelButtonsPresent" time="0.591"/>
  <testcase classname="tests.TC020_VerifyBookingCancellation" name="verifyBookingCancellation" time="36.222"/>
  <testcase classname="tests.TC021_SearchFunctionality" name="verifySearchFunctionality" time="33.231"/>
  <testcase classname="tests.TC022_CancelSelectedButton" name="testCancelSelectedButtonVisibility" time="0.043"/>
  <testcase classname="tests.TC023_CancelBookingUsingCancelSelectedButton" name="testCancelSelectedButtonVisibility" time="51.939"/>
  <testcase classname="tests.TC024_CancelMultipleBooking" name="testCancelSelectedButtonVisibility" time="55.913"/>
</testsuite> <!-- EdgeTest -->
