<?xml version="1.0" encoding="UTF-8"?>
<!-- Generated by org.testng.reporters.JUnitReportReporter -->
<testsuite hostname="Muthu_Raj" failures="2" tests="2" name="tests.TC014_ValidateBookingConfirmationDetails" time="29.904" errors="0" timestamp="2025-05-04T19:12:05 IST" skipped="0">
  <testcase classname="tests.TC014_ValidateBookingConfirmationDetails" name="validateBookingConfirmationDetails" time="13.988">
    <failure message="The following asserts failed:
	TC014(Fail) - Room Type mismatch expected [Standard] but found [Deluxe],
	TC014(Fail) - Arrival Date mismatch expected [24/04/2025] but found [25/04/2025],
	TC014(Fail) - Departure Date mismatch expected [25/04/2025] but found [26/04/2025],
	TC014(Fail) - Price Per Night mismatch expected [AUD $ 175] but found [AUD $ 125],
	TC014(Fail) - Total Price mismatch expected [AUD $ 185] but found [AUD $ 135],
	TC014(Fail) - GST mismatch expected [AUD $ 18.5] but found [AUD $ 13.5],
	TC014(Fail) - Final Billed Price mismatch expected [AUD $ 203.5] but found [AUD $ 148.5],
	TC014(Fail) - Last Name mismatch expected [Raj] but found [],
	TC014(Fail) - Billing Address mismatch expected [Chennai] but found [null]" type="java.lang.AssertionError">
      <![CDATA[java.lang.AssertionError: The following asserts failed:
TC014(Fail) - Room Type mismatch expected [Standard] but found [Deluxe],
TC014(Fail) - Arrival Date mismatch expected [24/04/2025] but found [25/04/2025],
TC014(Fail) - Departure Date mismatch expected [25/04/2025] but found [26/04/2025],
TC014(Fail) - Price Per Night mismatch expected [AUD $ 175] but found [AUD $ 125],
TC014(Fail) - Total Price mismatch expected [AUD $ 185] but found [AUD $ 135],
TC014(Fail) - GST mismatch expected [AUD $ 18.5] but found [AUD $ 13.5],
TC014(Fail) - Final Billed Price mismatch expected [AUD $ 203.5] but found [AUD $ 148.5],
TC014(Fail) - Last Name mismatch expected [Raj] but found [],
TC014(Fail) - Billing Address mismatch expected [Chennai] but found [null]
at org.testng.asserts.SoftAssert.assertAll(SoftAssert.java:46)
at org.testng.asserts.SoftAssert.assertAll(SoftAssert.java:30)
at tests.TC014_ValidateBookingConfirmationDetails.validateBookingConfirmationDetails(TC014_ValidateBookingConfirmationDetails.java:118)
at java.base/jdk.internal.reflect.DirectMethodHandleAccessor.invoke(DirectMethodHandleAccessor.java:103)
at java.base/java.lang.reflect.Method.invoke(Method.java:580)
at org.testng.internal.invokers.MethodInvocationHelper.invokeMethod(MethodInvocationHelper.java:139)
at org.testng.internal.invokers.TestInvoker.invokeMethod(TestInvoker.java:664)
at org.testng.internal.invokers.TestInvoker.invokeTestMethod(TestInvoker.java:227)
at org.testng.internal.invokers.MethodRunner.runInSequence(MethodRunner.java:50)
at org.testng.internal.invokers.TestInvoker$MethodInvocationAgent.invoke(TestInvoker.java:957)
at org.testng.internal.invokers.TestInvoker.invokeTestMethods(TestInvoker.java:200)
at org.testng.internal.invokers.TestMethodWorker.invokeTestMethods(TestMethodWorker.java:148)
at org.testng.internal.invokers.TestMethodWorker.run(TestMethodWorker.java:128)
at java.base/java.util.ArrayList.forEach(ArrayList.java:1596)
at org.testng.TestRunner.privateRun(TestRunner.java:848)
at org.testng.TestRunner.run(TestRunner.java:621)
at org.testng.SuiteRunner.runTest(SuiteRunner.java:443)
at org.testng.SuiteRunner.runSequentially(SuiteRunner.java:437)
at org.testng.SuiteRunner.privateRun(SuiteRunner.java:397)
at org.testng.SuiteRunner.run(SuiteRunner.java:336)
at org.testng.SuiteRunnerWorker.runSuite(SuiteRunnerWorker.java:52)
at org.testng.SuiteRunnerWorker.run(SuiteRunnerWorker.java:95)
at org.testng.TestNG.runSuitesSequentially(TestNG.java:1280)
at org.testng.TestNG.runSuitesLocally(TestNG.java:1200)
at org.testng.TestNG.runSuites(TestNG.java:1114)
at org.testng.TestNG.run(TestNG.java:1082)
at org.testng.remote.AbstractRemoteTestNG.run(AbstractRemoteTestNG.java:115)
at org.testng.remote.RemoteTestNG.initAndRun(RemoteTestNG.java:293)
at org.testng.remote.RemoteTestNG.main(RemoteTestNG.java:91)
]]>
    </failure>
  </testcase> <!-- validateBookingConfirmationDetails -->
  <testcase classname="tests.TC014_ValidateBookingConfirmationDetails" name="validateBookingConfirmationDetails" time="15.916">
    <failure message="The following asserts failed:
	TC014(Fail) - Room Type mismatch expected [Standard] but found [Deluxe],
	TC014(Fail) - Arrival Date mismatch expected [24/04/2025] but found [25/04/2025],
	TC014(Fail) - Departure Date mismatch expected [25/04/2025] but found [26/04/2025],
	TC014(Fail) - Price Per Night mismatch expected [AUD $ 175] but found [AUD $ 125],
	TC014(Fail) - Total Price mismatch expected [AUD $ 185] but found [AUD $ 135],
	TC014(Fail) - GST mismatch expected [AUD $ 18.5] but found [AUD $ 13.5],
	TC014(Fail) - Final Billed Price mismatch expected [AUD $ 203.5] but found [AUD $ 148.5],
	TC014(Fail) - Last Name mismatch expected [Raj] but found [],
	TC014(Fail) - Billing Address mismatch expected [Chennai] but found [null]" type="java.lang.AssertionError">
      <![CDATA[java.lang.AssertionError: The following asserts failed:
TC014(Fail) - Room Type mismatch expected [Standard] but found [Deluxe],
TC014(Fail) - Arrival Date mismatch expected [24/04/2025] but found [25/04/2025],
TC014(Fail) - Departure Date mismatch expected [25/04/2025] but found [26/04/2025],
TC014(Fail) - Price Per Night mismatch expected [AUD $ 175] but found [AUD $ 125],
TC014(Fail) - Total Price mismatch expected [AUD $ 185] but found [AUD $ 135],
TC014(Fail) - GST mismatch expected [AUD $ 18.5] but found [AUD $ 13.5],
TC014(Fail) - Final Billed Price mismatch expected [AUD $ 203.5] but found [AUD $ 148.5],
TC014(Fail) - Last Name mismatch expected [Raj] but found [],
TC014(Fail) - Billing Address mismatch expected [Chennai] but found [null]
at org.testng.asserts.SoftAssert.assertAll(SoftAssert.java:46)
at org.testng.asserts.SoftAssert.assertAll(SoftAssert.java:30)
at tests.TC014_ValidateBookingConfirmationDetails.validateBookingConfirmationDetails(TC014_ValidateBookingConfirmationDetails.java:118)
at java.base/jdk.internal.reflect.DirectMethodHandleAccessor.invoke(DirectMethodHandleAccessor.java:103)
at java.base/java.lang.reflect.Method.invoke(Method.java:580)
at org.testng.internal.invokers.MethodInvocationHelper.invokeMethod(MethodInvocationHelper.java:139)
at org.testng.internal.invokers.TestInvoker.invokeMethod(TestInvoker.java:664)
at org.testng.internal.invokers.TestInvoker.invokeTestMethod(TestInvoker.java:227)
at org.testng.internal.invokers.MethodRunner.runInSequence(MethodRunner.java:50)
at org.testng.internal.invokers.TestInvoker$MethodInvocationAgent.invoke(TestInvoker.java:957)
at org.testng.internal.invokers.TestInvoker.invokeTestMethods(TestInvoker.java:200)
at org.testng.internal.invokers.TestMethodWorker.invokeTestMethods(TestMethodWorker.java:148)
at org.testng.internal.invokers.TestMethodWorker.run(TestMethodWorker.java:128)
at java.base/java.util.ArrayList.forEach(ArrayList.java:1596)
at org.testng.TestRunner.privateRun(TestRunner.java:848)
at org.testng.TestRunner.run(TestRunner.java:621)
at org.testng.SuiteRunner.runTest(SuiteRunner.java:443)
at org.testng.SuiteRunner.runSequentially(SuiteRunner.java:437)
at org.testng.SuiteRunner.privateRun(SuiteRunner.java:397)
at org.testng.SuiteRunner.run(SuiteRunner.java:336)
at org.testng.SuiteRunnerWorker.runSuite(SuiteRunnerWorker.java:52)
at org.testng.SuiteRunnerWorker.run(SuiteRunnerWorker.java:95)
at org.testng.TestNG.runSuitesSequentially(TestNG.java:1280)
at org.testng.TestNG.runSuitesLocally(TestNG.java:1200)
at org.testng.TestNG.runSuites(TestNG.java:1114)
at org.testng.TestNG.run(TestNG.java:1082)
at org.testng.remote.AbstractRemoteTestNG.run(AbstractRemoteTestNG.java:115)
at org.testng.remote.RemoteTestNG.initAndRun(RemoteTestNG.java:293)
at org.testng.remote.RemoteTestNG.main(RemoteTestNG.java:91)
]]>
    </failure>
  </testcase> <!-- validateBookingConfirmationDetails -->
</testsuite> <!-- tests.TC014_ValidateBookingConfirmationDetails -->
